[35m[Appium][39m Welcome to Appium v1.22.3
[35m[Appium][39m Non-default server args:
[35m[Appium][39m   port: 52430
[35m[Appium][39m   loglevel: info
[35m[Appium][39m   tmpDir: C:\Users\Try\AppData\Local\Temp\\Katalon\Appium\Temp1654188726932
[35m[Appium][39m   chromedriverPort: 52431
[35m[Appium][39m Deprecated server args:
[35m[Appium][39m   [31m--chromedriver-port[39m => --default-capabilities
[35m[Appium][39m Default capabilities, which will be added to each request unless overridden by desired capabilities:
[35m[Appium][39m   chromedriverPort: 52431
[35m[Appium][39m Appium REST http interface listener started on 0.0.0.0:52430
[35m[HTTP][39m [37m-->[39m [37mGET[39m [37m/wd/hub/status[39m
[35m[HTTP][39m [90m{}[39m
[35m[HTTP][39m [37m<-- GET /wd/hub/status [39m[32m200[39m [90m8 ms - 68[39m
[35m[HTTP][39m [90m[39m
[35m[HTTP][39m [37m-->[39m [37mGET[39m [37m/wd/hub/status[39m
[35m[HTTP][39m [90m{}[39m
[35m[HTTP][39m [37m<-- GET /wd/hub/status [39m[32m200[39m [90m2 ms - 68[39m
[35m[HTTP][39m [90m[39m
[35m[HTTP][39m [37m-->[39m [37mPOST[39m [37m/wd/hub/session[39m
[35m[HTTP][39m [90m{"desiredCapabilities":{"appActivity":".Settings","appPackage":"com.android.settings","newCommandTimeout":1800,"platformVersion":"8.1.0","automationName":"uiautomator2","autoGrantPermissions":true,"platformName":"Android","udid":"INFQHAFYSKN7DA4S","deviceName":"vivo vivo 1814 (Android 8.1.0)","platform":"ANDROID","systemPort":8269},"capabilities":{"firstMatch":[{"appium:appActivity":".Settings","appium:appPackage":"com.android.settings","appium:autoGrantPermissions":true,"appium:automationName":"uiautomator2","appium:deviceName":"vivo vivo 1814 (Android 8.1.0)","appium:newCommandTimeout":1800,"platform":"ANDROID","platformName":"android","appium:platformVersion":"8.1.0","appium:systemPort":8269,"appium:udid":"INFQHAFYSKN7DA4S"}]}}[39m
[35m[BaseDriver][39m The following capabilities are not standard capabilities and should have an extension prefix:
[35m[BaseDriver][39m   platform
[35m[BaseDriver][39m   chromedriverPort
[35m[Appium][39m Appium v1.22.3 creating new AndroidUiautomator2Driver (v1.70.1) session
[35m[BaseDriver][39m The following capabilities were provided, but are not recognized by Appium:
[35m[BaseDriver][39m   platform
[35m[BaseDriver][39m Session created with session id: bfb91ad7-5030-4ea1-bd38-c83d2b347cec
[35m[UiAutomator2][39m Starting 'com.android.settings' directly on the device
[35m[ADB][39m Found 1 'build-tools' folders under 'C:\Users\Try\.katalon\tools\android_sdk' (newest first):
[35m[ADB][39m     C:/Users/Try/.katalon/tools/android_sdk/build-tools/29.0.3
[35m[ADB][39m Using 'adb.exe' from 'C:\Users\Try\.katalon\tools\android_sdk\platform-tools\adb.exe'
[35m[AndroidDriver][39m Retrieving device list
[35m[AndroidDriver][39m Using device: INFQHAFYSKN7DA4S
[35m[ADB][39m Using 'adb.exe' from 'C:\Users\Try\.katalon\tools\android_sdk\platform-tools\adb.exe'
[35m[AndroidDriver][39m No app sent in, not parsing package/activity
[35m[ADB][39m Using 'apksigner.jar' from 'C:\Users\Try\.katalon\tools\android_sdk\build-tools\29.0.3\lib\apksigner.jar'
[35m[ADB][39m 'C:\Users\Try\AppData\Roaming\npm\node_modules\appium\node_modules\appium-uiautomator2-server\apks\appium-uiautomator2-server-v4.27.0.apk' is signed with the default certificate
[35m[ADB][39m 'C:\Users\Try\AppData\Roaming\npm\node_modules\appium\node_modules\appium-uiautomator2-server\apks\appium-uiautomator2-server-debug-androidTest.apk' is signed with the default certificate
[35m[UiAutomator2][39m Server packages are not going to be (re)installed
[35m[ADB][39m Adding packages ["io.appium.settings","io.appium.uiautomator2.server","io.appium.uiautomator2.server.test"] to Doze whitelist
[35m[UiAutomator2][39m Starting UIAutomator2 server 4.27.0
[35m[UiAutomator2][39m Using UIAutomator2 server from 'C:\Users\Try\AppData\Roaming\npm\node_modules\appium\node_modules\appium-uiautomator2-server\apks\appium-uiautomator2-server-v4.27.0.apk' and test from 'C:\Users\Try\AppData\Roaming\npm\node_modules\appium\node_modules\appium-uiautomator2-server\apks\appium-uiautomator2-server-debug-androidTest.apk'
[35m[UiAutomator2][39m Waiting up to 30000ms for UiAutomator2 to be online...
[35m[WD Proxy][39m socket hang up
[35m[WD Proxy][39m socket hang up
[35m[WD Proxy][39m socket hang up
[35m[WD Proxy][39m socket hang up
[35m[WD Proxy][39m Determined the downstream protocol as 'W3C'
[35m[AndroidDriver][39m Screen already unlocked, doing nothing
[35m[UiAutomator2][39m Starting 'com.android.settings/.Settings and waiting for 'com.android.settings/.Settings'
[35m[Appium][39m New AndroidUiautomator2Driver session created successfully, session bfb91ad7-5030-4ea1-bd38-c83d2b347cec added to master session list
[35m[HTTP][39m [37m<-- POST /wd/hub/session [39m[32m200[39m [90m16209 ms - 1177[39m
[35m[HTTP][39m [90m[39m
[35m[HTTP][39m [37m-->[39m [37mGET[39m [37m/wd/hub/session/bfb91ad7-5030-4ea1-bd38-c83d2b347cec[39m
[35m[HTTP][39m [90m{}[39m
[35m[HTTP][39m [37m<-- GET /wd/hub/session/bfb91ad7-5030-4ea1-bd38-c83d2b347cec [39m[32m200[39m [90m32 ms - 1131[39m
[35m[HTTP][39m [90m[39m
[35m[HTTP][39m [37m-->[39m [37mGET[39m [37m/wd/hub/session/bfb91ad7-5030-4ea1-bd38-c83d2b347cec[39m
[35m[HTTP][39m [90m{}[39m
[35m[HTTP][39m [37m<-- GET /wd/hub/session/bfb91ad7-5030-4ea1-bd38-c83d2b347cec [39m[32m200[39m [90m23 ms - 1131[39m
[35m[HTTP][39m [90m[39m
[35m[HTTP][39m [37m-->[39m [37mGET[39m [37m/wd/hub/status[39m
[35m[HTTP][39m [90m{}[39m
[35m[HTTP][39m [37m<-- GET /wd/hub/status [39m[32m200[39m [90m1 ms - 68[39m
[35m[HTTP][39m [90m[39m
[35m[HTTP][39m [37m-->[39m [37mPOST[39m [37m/wd/hub/session/bfb91ad7-5030-4ea1-bd38-c83d2b347cec/timeouts[39m
[35m[HTTP][39m [90m{"implicit":60000}[39m
[35m[HTTP][39m [37m<-- POST /wd/hub/session/bfb91ad7-5030-4ea1-bd38-c83d2b347cec/timeouts [39m[32m200[39m [90m6 ms - 14[39m
[35m[HTTP][39m [90m[39m
[35m[HTTP][39m [37m-->[39m [37mGET[39m [37m/wd/hub/session/bfb91ad7-5030-4ea1-bd38-c83d2b347cec/screenshot[39m
[35m[HTTP][39m [90m{}[39m
[35m[HTTP][39m [37m<-- GET /wd/hub/session/bfb91ad7-5030-4ea1-bd38-c83d2b347cec/screenshot [39m[32m200[39m [90m559 ms - 144928[39m
[35m[HTTP][39m [90m[39m
[35m[HTTP][39m [37m-->[39m [37mGET[39m [37m/wd/hub/session/bfb91ad7-5030-4ea1-bd38-c83d2b347cec/window/rect[39m
[35m[HTTP][39m [90m{}[39m
[35m[HTTP][39m [37m<-- GET /wd/hub/session/bfb91ad7-5030-4ea1-bd38-c83d2b347cec/window/rect [39m[32m200[39m [90m47 ms - 49[39m
[35m[HTTP][39m [90m[39m
[35m[HTTP][39m [37m-->[39m [37mGET[39m [37m/wd/hub/session/bfb91ad7-5030-4ea1-bd38-c83d2b347cec/appium/device/system_bars[39m
[35m[HTTP][39m [90m{}[39m
[35m[HTTP][39m [37m<-- GET /wd/hub/session/bfb91ad7-5030-4ea1-bd38-c83d2b347cec/appium/device/system_bars [39m[32m200[39m [90m98 ms - 148[39m
[35m[HTTP][39m [90m[39m
[35m[HTTP][39m [37m-->[39m [37mPOST[39m [37m/wd/hub/session/bfb91ad7-5030-4ea1-bd38-c83d2b347cec/appium/device/activate_app[39m
[35m[HTTP][39m [90m{"bundleId":"com.mobileappruparupa"}[39m
[35m[HTTP][39m [37m<-- POST /wd/hub/session/bfb91ad7-5030-4ea1-bd38-c83d2b347cec/appium/device/activate_app [39m[32m200[39m [90m975 ms - 14[39m
[35m[HTTP][39m [90m[39m
[35m[HTTP][39m [37m-->[39m [37mGET[39m [37m/wd/hub/session/bfb91ad7-5030-4ea1-bd38-c83d2b347cec/source[39m
[35m[HTTP][39m [90m{}[39m
[35m[W3C (bfb91ad7)][39m Driver proxy active, passing request on via HTTP proxy
[35m[WD Proxy][39m Replacing sessionId fea2a288-1eb0-4dd4-b248-4915a15a19b8 with bfb91ad7-5030-4ea1-bd38-c83d2b347cec
[35m[HTTP][39m [37m<-- GET /wd/hub/session/bfb91ad7-5030-4ea1-bd38-c83d2b347cec/source [39m[32m200[39m [90m1197 ms - 2705[39m
[35m[HTTP][39m [90m[39m
[35m[HTTP][39m [37m-->[39m [37mGET[39m [37m/wd/hub/session/bfb91ad7-5030-4ea1-bd38-c83d2b347cec/screenshot[39m
[35m[HTTP][39m [90m{}[39m
[35m[HTTP][39m [37m<-- GET /wd/hub/session/bfb91ad7-5030-4ea1-bd38-c83d2b347cec/screenshot [39m[32m200[39m [90m547 ms - 40836[39m
[35m[HTTP][39m [90m[39m
[35m[HTTP][39m [37m-->[39m [37mGET[39m [37m/wd/hub/session/bfb91ad7-5030-4ea1-bd38-c83d2b347cec/source[39m
[35m[HTTP][39m [90m{}[39m
[35m[W3C (bfb91ad7)][39m Driver proxy active, passing request on via HTTP proxy
[35m[WD Proxy][39m Replacing sessionId fea2a288-1eb0-4dd4-b248-4915a15a19b8 with bfb91ad7-5030-4ea1-bd38-c83d2b347cec
[35m[HTTP][39m [37m<-- GET /wd/hub/session/bfb91ad7-5030-4ea1-bd38-c83d2b347cec/source [39m[32m200[39m [90m2388 ms - 67693[39m
[35m[HTTP][39m [90m[39m
[35m[HTTP][39m [37m-->[39m [37mGET[39m [37m/wd/hub/session/bfb91ad7-5030-4ea1-bd38-c83d2b347cec/screenshot[39m
[35m[HTTP][39m [90m{}[39m
[35m[HTTP][39m [37m<-- GET /wd/hub/session/bfb91ad7-5030-4ea1-bd38-c83d2b347cec/screenshot [39m[32m200[39m [90m1144 ms - 811680[39m
[35m[HTTP][39m [90m[39m
[35m[HTTP][39m [37m-->[39m [37mPOST[39m [37m/wd/hub/session/bfb91ad7-5030-4ea1-bd38-c83d2b347cec/elements[39m
[35m[HTTP][39m [90m{"using":"xpath","value":"//*[@class = 'android.widget.ImageView' and (@text = '' or . = '')]"}[39m
[35m[HTTP][39m [37m<-- POST /wd/hub/session/bfb91ad7-5030-4ea1-bd38-c83d2b347cec/elements [39m[32m200[39m [90m2109 ms - 2315[39m
[35m[HTTP][39m [90m[39m
[35m[HTTP][39m [37m-->[39m [37mPOST[39m [37m/wd/hub/session/bfb91ad7-5030-4ea1-bd38-c83d2b347cec/elements[39m
[35m[HTTP][39m [90m{"using":"-android uiautomator","value":"new UiSelector().className(\"android.widget.ImageView\")"}[39m
[35m[HTTP][39m [37m<-- POST /wd/hub/session/bfb91ad7-5030-4ea1-bd38-c83d2b347cec/elements [39m[32m200[39m [90m1071 ms - 2315[39m
[35m[HTTP][39m [90m[39m
[35m[HTTP][39m [37m-->[39m [37mGET[39m [37m/wd/hub/session/bfb91ad7-5030-4ea1-bd38-c83d2b347cec/window/rect[39m
[35m[HTTP][39m [90m{}[39m
[35m[HTTP][39m [37m<-- GET /wd/hub/session/bfb91ad7-5030-4ea1-bd38-c83d2b347cec/window/rect [39m[32m200[39m [90m34 ms - 49[39m
[35m[HTTP][39m [90m[39m
[35m[HTTP][39m [37m-->[39m [37mPOST[39m [37m/wd/hub/session/bfb91ad7-5030-4ea1-bd38-c83d2b347cec/elements[39m
[35m[HTTP][39m [90m{"using":"xpath","value":"//hierarchy/android.widget.FrameLayout[1]/android.widget.LinearLayout[1]/android.widget.FrameLayout[1]/android.widget.LinearLayout[1]/android.widget.FrameLayout[1]/android.widget.FrameLayout[1]/android.view.ViewGroup[1]/android.view.ViewGroup[1]/android.view.ViewGroup[1]/android.widget.FrameLayout[1]/android.view.ViewGroup[1]/android.view.ViewGroup[1]/android.view.ViewGroup[1]/android.view.ViewGroup[1]/android.view.ViewGroup[1]/android.view.ViewGroup[1]/android.widget.FrameLayout[1]/android.view.ViewGroup[1]/android.view.ViewGroup[1]/android.view.ViewGroup[1]/android.widget.ScrollView[1]/android.view.ViewGroup[1]/android.view.ViewGroup[2]/android.view.ViewGroup[1]/android.view.ViewGroup[1]/android.widget.HorizontalScrollView[1]/android.view.ViewGroup[1]/android.view.ViewGroup[2]/android.view.ViewGroup[1]/android.view.ViewGroup[1]/android.widget.ImageView[1]"}[39m
[35m[HTTP][39m [37m<-- POST /wd/hub/session/bfb91ad7-5030-4ea1-bd38-c83d2b347cec/elements [39m[32m200[39m [90m656 ms - 139[39m
[35m[HTTP][39m [90m[39m
[35m[HTTP][39m [37m-->[39m [37mGET[39m [37m/wd/hub/session/bfb91ad7-5030-4ea1-bd38-c83d2b347cec/element/00000000-0000-0136-ffff-ffff000000a1/location[39m
[35m[HTTP][39m [90m{}[39m
[35m[W3C (bfb91ad7)][39m Driver proxy active, passing request on via HTTP proxy
[35m[WD Proxy][39m Replacing sessionId fea2a288-1eb0-4dd4-b248-4915a15a19b8 with bfb91ad7-5030-4ea1-bd38-c83d2b347cec
[35m[HTTP][39m [37m<-- GET /wd/hub/session/bfb91ad7-5030-4ea1-bd38-c83d2b347cec/element/00000000-0000-0136-ffff-ffff000000a1/location [39m[32m200[39m [90m763 ms - 77[39m
[35m[HTTP][39m [90m[39m
[35m[HTTP][39m [37m-->[39m [37mPOST[39m [37m/wd/hub/session/bfb91ad7-5030-4ea1-bd38-c83d2b347cec/element/00000000-0000-0136-ffff-ffff000000a1/click[39m
[35m[HTTP][39m [90m{"id":"00000000-0000-0136-ffff-ffff000000a1"}[39m
[35m[HTTP][39m [37m<-- POST /wd/hub/session/bfb91ad7-5030-4ea1-bd38-c83d2b347cec/element/00000000-0000-0136-ffff-ffff000000a1/click [39m[32m200[39m [90m92 ms - 14[39m
[35m[HTTP][39m [90m[39m
[35m[HTTP][39m [37m-->[39m [37mGET[39m [37m/wd/hub/session/bfb91ad7-5030-4ea1-bd38-c83d2b347cec/source[39m
[35m[HTTP][39m [90m{}[39m
[35m[W3C (bfb91ad7)][39m Driver proxy active, passing request on via HTTP proxy
[35m[WD Proxy][39m Replacing sessionId fea2a288-1eb0-4dd4-b248-4915a15a19b8 with bfb91ad7-5030-4ea1-bd38-c83d2b347cec
[35m[HTTP][39m [37m<-- GET /wd/hub/session/bfb91ad7-5030-4ea1-bd38-c83d2b347cec/source [39m[32m200[39m [90m461 ms - 13988[39m
[35m[HTTP][39m [90m[39m
[35m[HTTP][39m [37m-->[39m [37mGET[39m [37m/wd/hub/session/bfb91ad7-5030-4ea1-bd38-c83d2b347cec/screenshot[39m
[35m[HTTP][39m [90m{}[39m
[35m[HTTP][39m [37m<-- GET /wd/hub/session/bfb91ad7-5030-4ea1-bd38-c83d2b347cec/screenshot [39m[32m200[39m [90m800 ms - 294180[39m
[35m[HTTP][39m [90m[39m
[35m[HTTP][39m [37m-->[39m [37mPOST[39m [37m/wd/hub/session/bfb91ad7-5030-4ea1-bd38-c83d2b347cec/elements[39m
[35m[HTTP][39m [90m{"using":"xpath","value":"//*[@class = 'android.view.ViewGroup' and (@text = '' or . = '')]"}[39m
[35m[HTTP][39m [37m<-- POST /wd/hub/session/bfb91ad7-5030-4ea1-bd38-c83d2b347cec/elements [39m[32m200[39m [90m529 ms - 1931[39m
[35m[HTTP][39m [90m[39m
[35m[HTTP][39m [37m-->[39m [37mPOST[39m [37m/wd/hub/session/bfb91ad7-5030-4ea1-bd38-c83d2b347cec/elements[39m
[35m[HTTP][39m [90m{"using":"-android uiautomator","value":"new UiSelector().className(\"android.view.ViewGroup\")"}[39m
[35m[HTTP][39m [37m<-- POST /wd/hub/session/bfb91ad7-5030-4ea1-bd38-c83d2b347cec/elements [39m[32m200[39m [90m732 ms - 1931[39m
[35m[HTTP][39m [90m[39m
[35m[HTTP][39m [37m-->[39m [37mGET[39m [37m/wd/hub/session/bfb91ad7-5030-4ea1-bd38-c83d2b347cec/window/rect[39m
[35m[HTTP][39m [90m{}[39m
[35m[HTTP][39m [37m<-- GET /wd/hub/session/bfb91ad7-5030-4ea1-bd38-c83d2b347cec/window/rect [39m[32m200[39m [90m36 ms - 49[39m
[35m[HTTP][39m [90m[39m
[35m[HTTP][39m [37m-->[39m [37mPOST[39m [37m/wd/hub/session/bfb91ad7-5030-4ea1-bd38-c83d2b347cec/elements[39m
[35m[HTTP][39m [90m{"using":"xpath","value":"//hierarchy/android.widget.FrameLayout[1]/android.widget.LinearLayout[1]/android.widget.FrameLayout[1]/android.widget.FrameLayout[1]/android.view.ViewGroup[1]/android.view.ViewGroup[1]/android.view.ViewGroup[1]/android.view.ViewGroup[2]/android.view.ViewGroup[1]/android.view.ViewGroup[2]"}[39m
[35m[HTTP][39m [37m<-- POST /wd/hub/session/bfb91ad7-5030-4ea1-bd38-c83d2b347cec/elements [39m[32m200[39m [90m355 ms - 139[39m
[35m[HTTP][39m [90m[39m
[35m[HTTP][39m [37m-->[39m [37mGET[39m [37m/wd/hub/session/bfb91ad7-5030-4ea1-bd38-c83d2b347cec/element/00000000-0000-0137-ffff-ffff000000f2/location[39m
[35m[HTTP][39m [90m{}[39m
[35m[W3C (bfb91ad7)][39m Driver proxy active, passing request on via HTTP proxy
[35m[WD Proxy][39m Replacing sessionId fea2a288-1eb0-4dd4-b248-4915a15a19b8 with bfb91ad7-5030-4ea1-bd38-c83d2b347cec
[35m[HTTP][39m [37m<-- GET /wd/hub/session/bfb91ad7-5030-4ea1-bd38-c83d2b347cec/element/00000000-0000-0137-ffff-ffff000000f2/location [39m[32m200[39m [90m48 ms - 77[39m
[35m[HTTP][39m [90m[39m
[35m[HTTP][39m [37m-->[39m [37mPOST[39m [37m/wd/hub/session/bfb91ad7-5030-4ea1-bd38-c83d2b347cec/element/00000000-0000-0137-ffff-ffff000000f2/click[39m
[35m[HTTP][39m [90m{"id":"00000000-0000-0137-ffff-ffff000000f2"}[39m
[35m[HTTP][39m [37m<-- POST /wd/hub/session/bfb91ad7-5030-4ea1-bd38-c83d2b347cec/element/00000000-0000-0137-ffff-ffff000000f2/click [39m[32m200[39m [90m632 ms - 14[39m
[35m[HTTP][39m [90m[39m
[35m[HTTP][39m [37m-->[39m [37mGET[39m [37m/wd/hub/session/bfb91ad7-5030-4ea1-bd38-c83d2b347cec/source[39m
[35m[HTTP][39m [90m{}[39m
[35m[W3C (bfb91ad7)][39m Driver proxy active, passing request on via HTTP proxy
[35m[WD Proxy][39m Replacing sessionId fea2a288-1eb0-4dd4-b248-4915a15a19b8 with bfb91ad7-5030-4ea1-bd38-c83d2b347cec
[35m[HTTP][39m [37m<-- GET /wd/hub/session/bfb91ad7-5030-4ea1-bd38-c83d2b347cec/source [39m[32m200[39m [90m2740 ms - 41242[39m
[35m[HTTP][39m [90m[39m
[35m[HTTP][39m [37m-->[39m [37mGET[39m [37m/wd/hub/session/bfb91ad7-5030-4ea1-bd38-c83d2b347cec/screenshot[39m
[35m[HTTP][39m [90m{}[39m
[35m[HTTP][39m [37m<-- GET /wd/hub/session/bfb91ad7-5030-4ea1-bd38-c83d2b347cec/screenshot [39m[32m200[39m [90m1229 ms - 698298[39m
[35m[HTTP][39m [90m[39m
[35m[HTTP][39m [37m-->[39m [37mPOST[39m [37m/wd/hub/session/bfb91ad7-5030-4ea1-bd38-c83d2b347cec/elements[39m
[35m[HTTP][39m [90m{"using":"xpath","value":"//*[@class = 'android.view.ViewGroup' and (@text = '' or . = '')]"}[39m
[35m[HTTP][39m [37m<-- POST /wd/hub/session/bfb91ad7-5030-4ea1-bd38-c83d2b347cec/elements [39m[32m200[39m [90m1405 ms - 6667[39m
[35m[HTTP][39m [90m[39m
[35m[HTTP][39m [37m-->[39m [37mPOST[39m [37m/wd/hub/session/bfb91ad7-5030-4ea1-bd38-c83d2b347cec/elements[39m
[35m[HTTP][39m [90m{"using":"-android uiautomator","value":"new UiSelector().className(\"android.view.ViewGroup\")"}[39m
[35m[HTTP][39m [37m<-- POST /wd/hub/session/bfb91ad7-5030-4ea1-bd38-c83d2b347cec/elements [39m[32m200[39m [90m1837 ms - 6667[39m
[35m[HTTP][39m [90m[39m
[35m[HTTP][39m [37m-->[39m [37mGET[39m [37m/wd/hub/session/bfb91ad7-5030-4ea1-bd38-c83d2b347cec/window/rect[39m
[35m[HTTP][39m [90m{}[39m
[35m[HTTP][39m [37m<-- GET /wd/hub/session/bfb91ad7-5030-4ea1-bd38-c83d2b347cec/window/rect [39m[32m200[39m [90m44 ms - 49[39m
[35m[HTTP][39m [90m[39m
[35m[HTTP][39m [37m-->[39m [37mPOST[39m [37m/wd/hub/session/bfb91ad7-5030-4ea1-bd38-c83d2b347cec/elements[39m
[35m[HTTP][39m [90m{"using":"xpath","value":"//hierarchy/android.widget.FrameLayout[1]/android.widget.LinearLayout[1]/android.widget.FrameLayout[1]/android.widget.LinearLayout[1]/android.widget.FrameLayout[1]/android.widget.FrameLayout[1]/android.view.ViewGroup[1]/android.view.ViewGroup[1]/android.view.ViewGroup[1]/android.widget.FrameLayout[1]/android.view.ViewGroup[1]/android.view.ViewGroup[1]/android.view.ViewGroup[1]/android.view.ViewGroup[1]/android.view.ViewGroup[1]/android.view.ViewGroup[1]/android.view.ViewGroup[1]/android.widget.ScrollView[1]/android.view.ViewGroup[1]/android.view.ViewGroup[1]/android.view.ViewGroup[2]"}[39m
[35m[HTTP][39m [37m<-- POST /wd/hub/session/bfb91ad7-5030-4ea1-bd38-c83d2b347cec/elements [39m[32m200[39m [90m441 ms - 139[39m
[35m[HTTP][39m [90m[39m
[35m[HTTP][39m [37m-->[39m [37mGET[39m [37m/wd/hub/session/bfb91ad7-5030-4ea1-bd38-c83d2b347cec/element/00000000-0000-0136-ffff-ffff00000118/location[39m
[35m[HTTP][39m [90m{}[39m
[35m[W3C (bfb91ad7)][39m Driver proxy active, passing request on via HTTP proxy
[35m[WD Proxy][39m Replacing sessionId fea2a288-1eb0-4dd4-b248-4915a15a19b8 with bfb91ad7-5030-4ea1-bd38-c83d2b347cec
[35m[HTTP][39m [37m<-- GET /wd/hub/session/bfb91ad7-5030-4ea1-bd38-c83d2b347cec/element/00000000-0000-0136-ffff-ffff00000118/location [39m[32m200[39m [90m41 ms - 76[39m
[35m[HTTP][39m [90m[39m
[35m[HTTP][39m [37m-->[39m [37mPOST[39m [37m/wd/hub/session/bfb91ad7-5030-4ea1-bd38-c83d2b347cec/element/00000000-0000-0136-ffff-ffff00000118/click[39m
[35m[HTTP][39m [90m{"id":"00000000-0000-0136-ffff-ffff00000118"}[39m
[35m[HTTP][39m [37m<-- POST /wd/hub/session/bfb91ad7-5030-4ea1-bd38-c83d2b347cec/element/00000000-0000-0136-ffff-ffff00000118/click [39m[32m200[39m [90m58 ms - 14[39m
[35m[HTTP][39m [90m[39m
[35m[HTTP][39m [37m-->[39m [37mGET[39m [37m/wd/hub/session/bfb91ad7-5030-4ea1-bd38-c83d2b347cec/source[39m
[35m[HTTP][39m [90m{}[39m
[35m[W3C (bfb91ad7)][39m Driver proxy active, passing request on via HTTP proxy
[35m[WD Proxy][39m Replacing sessionId fea2a288-1eb0-4dd4-b248-4915a15a19b8 with bfb91ad7-5030-4ea1-bd38-c83d2b347cec
[35m[HTTP][39m [37m<-- GET /wd/hub/session/bfb91ad7-5030-4ea1-bd38-c83d2b347cec/source [39m[32m200[39m [90m1251 ms - 20498[39m
[35m[HTTP][39m [90m[39m
[35m[HTTP][39m [37m-->[39m [37mGET[39m [37m/wd/hub/session/bfb91ad7-5030-4ea1-bd38-c83d2b347cec/screenshot[39m
[35m[HTTP][39m [90m{}[39m
[35m[HTTP][39m [37m<-- GET /wd/hub/session/bfb91ad7-5030-4ea1-bd38-c83d2b347cec/screenshot [39m[32m200[39m [90m797 ms - 103860[39m
[35m[HTTP][39m [90m[39m
[35m[HTTP][39m [37m-->[39m [37mGET[39m [37m/wd/hub/session/bfb91ad7-5030-4ea1-bd38-c83d2b347cec/context[39m
[35m[HTTP][39m [90m{}[39m
[35m[HTTP][39m [37m<-- GET /wd/hub/session/bfb91ad7-5030-4ea1-bd38-c83d2b347cec/context [39m[32m200[39m [90m2 ms - 22[39m
[35m[HTTP][39m [90m[39m
[35m[HTTP][39m [37m-->[39m [37mGET[39m [37m/wd/hub/session/bfb91ad7-5030-4ea1-bd38-c83d2b347cec/contexts[39m
[35m[HTTP][39m [90m{}[39m
[35m[HTTP][39m [37m<-- GET /wd/hub/session/bfb91ad7-5030-4ea1-bd38-c83d2b347cec/contexts [39m[32m200[39m [90m101 ms - 24[39m
[35m[HTTP][39m [90m[39m
[35m[HTTP][39m [37m-->[39m [37mPOST[39m [37m/wd/hub/session/bfb91ad7-5030-4ea1-bd38-c83d2b347cec/context[39m
[35m[HTTP][39m [90m{"name":"NATIVE_APP"}[39m
[35m[HTTP][39m [37m<-- POST /wd/hub/session/bfb91ad7-5030-4ea1-bd38-c83d2b347cec/context [39m[32m200[39m [90m1 ms - 14[39m
[35m[HTTP][39m [90m[39m
[35m[HTTP][39m [37m-->[39m [37mPOST[39m [37m/wd/hub/session/bfb91ad7-5030-4ea1-bd38-c83d2b347cec/element[39m
[35m[HTTP][39m [90m{"using":"-android uiautomator","value":"new UiScrollable(new UiSelector().scrollable(true).instance(0)).scrollIntoView(new UiSelector().textContains(\"promo\"))"}[39m
[35m[HTTP][39m [37m<-- POST /wd/hub/session/bfb91ad7-5030-4ea1-bd38-c83d2b347cec/element [39m[32m200[39m [90m2543 ms - 137[39m
[35m[HTTP][39m [90m[39m
[35m[HTTP][39m [37m-->[39m [37mPOST[39m [37m/wd/hub/session/bfb91ad7-5030-4ea1-bd38-c83d2b347cec/context[39m
[35m[HTTP][39m [90m{"name":"NATIVE_APP"}[39m
[35m[HTTP][39m [37m<-- POST /wd/hub/session/bfb91ad7-5030-4ea1-bd38-c83d2b347cec/context [39m[32m200[39m [90m3 ms - 14[39m
[35m[HTTP][39m [90m[39m
[35m[HTTP][39m [37m-->[39m [37mGET[39m [37m/wd/hub/session/bfb91ad7-5030-4ea1-bd38-c83d2b347cec/source[39m
[35m[HTTP][39m [90m{}[39m
[35m[W3C (bfb91ad7)][39m Driver proxy active, passing request on via HTTP proxy
[35m[WD Proxy][39m Replacing sessionId fea2a288-1eb0-4dd4-b248-4915a15a19b8 with bfb91ad7-5030-4ea1-bd38-c83d2b347cec
[35m[HTTP][39m [37m<-- GET /wd/hub/session/bfb91ad7-5030-4ea1-bd38-c83d2b347cec/source [39m[32m200[39m [90m412 ms - 21300[39m
[35m[HTTP][39m [90m[39m
[35m[HTTP][39m [37m-->[39m [37mGET[39m [37m/wd/hub/session/bfb91ad7-5030-4ea1-bd38-c83d2b347cec/screenshot[39m
[35m[HTTP][39m [90m{}[39m
[35m[HTTP][39m [37m<-- GET /wd/hub/session/bfb91ad7-5030-4ea1-bd38-c83d2b347cec/screenshot [39m[32m200[39m [90m805 ms - 93994[39m
[35m[HTTP][39m [90m[39m
[35m[HTTP][39m [37m-->[39m [37mPOST[39m [37m/wd/hub/session/bfb91ad7-5030-4ea1-bd38-c83d2b347cec/elements[39m
[35m[HTTP][39m [90m{"using":"xpath","value":"//*[@class = 'android.widget.TextView' and (@text = 'Lihat Semua' or . = 'Lihat Semua')]"}[39m
[35m[HTTP][39m [37m<-- POST /wd/hub/session/bfb91ad7-5030-4ea1-bd38-c83d2b347cec/elements [39m[32m200[39m [90m940 ms - 395[39m
[35m[HTTP][39m [90m[39m
[35m[HTTP][39m [37m-->[39m [37mPOST[39m [37m/wd/hub/session/bfb91ad7-5030-4ea1-bd38-c83d2b347cec/elements[39m
[35m[HTTP][39m [90m{"using":"-android uiautomator","value":"new UiSelector().className(\"android.widget.TextView\").text(\"Lihat Semua\")"}[39m
[35m[HTTP][39m [37m<-- POST /wd/hub/session/bfb91ad7-5030-4ea1-bd38-c83d2b347cec/elements [39m[32m200[39m [90m671 ms - 395[39m
[35m[HTTP][39m [90m[39m
[35m[HTTP][39m [37m-->[39m [37mGET[39m [37m/wd/hub/session/bfb91ad7-5030-4ea1-bd38-c83d2b347cec/window/rect[39m
[35m[HTTP][39m [90m{}[39m
[35m[HTTP][39m [37m<-- GET /wd/hub/session/bfb91ad7-5030-4ea1-bd38-c83d2b347cec/window/rect [39m[32m200[39m [90m45 ms - 49[39m
[35m[HTTP][39m [90m[39m
[35m[HTTP][39m [37m-->[39m [37mPOST[39m [37m/wd/hub/session/bfb91ad7-5030-4ea1-bd38-c83d2b347cec/elements[39m
[35m[HTTP][39m [90m{"using":"xpath","value":"//hierarchy/android.widget.FrameLayout[1]/android.widget.LinearLayout[1]/android.widget.FrameLayout[1]/android.widget.FrameLayout[1]/android.view.ViewGroup[1]/android.view.ViewGroup[1]/android.widget.ScrollView[1]/android.view.ViewGroup[1]/android.view.ViewGroup[6]/android.view.ViewGroup[1]/android.widget.TextView[2]"}[39m
[35m[HTTP][39m [37m<-- POST /wd/hub/session/bfb91ad7-5030-4ea1-bd38-c83d2b347cec/elements [39m[32m200[39m [90m393 ms - 139[39m
[35m[HTTP][39m [90m[39m
[35m[HTTP][39m [37m-->[39m [37mGET[39m [37m/wd/hub/session/bfb91ad7-5030-4ea1-bd38-c83d2b347cec/element/00000000-0000-0138-ffff-ffff000001a0/location[39m
[35m[HTTP][39m [90m{}[39m
[35m[W3C (bfb91ad7)][39m Driver proxy active, passing request on via HTTP proxy
[35m[WD Proxy][39m Replacing sessionId fea2a288-1eb0-4dd4-b248-4915a15a19b8 with bfb91ad7-5030-4ea1-bd38-c83d2b347cec
[35m[HTTP][39m [37m<-- GET /wd/hub/session/bfb91ad7-5030-4ea1-bd38-c83d2b347cec/element/00000000-0000-0138-ffff-ffff000001a0/location [39m[32m200[39m [90m194 ms - 79[39m
[35m[HTTP][39m [90m[39m
[35m[HTTP][39m [37m-->[39m [37mPOST[39m [37m/wd/hub/session/bfb91ad7-5030-4ea1-bd38-c83d2b347cec/element/00000000-0000-0138-ffff-ffff000001a0/click[39m
[35m[HTTP][39m [90m{"id":"00000000-0000-0138-ffff-ffff000001a0"}[39m
[35m[HTTP][39m [37m<-- POST /wd/hub/session/bfb91ad7-5030-4ea1-bd38-c83d2b347cec/element/00000000-0000-0138-ffff-ffff000001a0/click [39m[32m200[39m [90m74 ms - 14[39m
[35m[HTTP][39m [90m[39m
[35m[HTTP][39m [37m-->[39m [37mGET[39m [37m/wd/hub/session/bfb91ad7-5030-4ea1-bd38-c83d2b347cec/source[39m
[35m[HTTP][39m [90m{}[39m
[35m[W3C (bfb91ad7)][39m Driver proxy active, passing request on via HTTP proxy
[35m[WD Proxy][39m Replacing sessionId fea2a288-1eb0-4dd4-b248-4915a15a19b8 with bfb91ad7-5030-4ea1-bd38-c83d2b347cec
[35m[HTTP][39m [37m<-- GET /wd/hub/session/bfb91ad7-5030-4ea1-bd38-c83d2b347cec/source [39m[32m200[39m [90m1075 ms - 32364[39m
[35m[HTTP][39m [90m[39m
[35m[HTTP][39m [37m-->[39m [37mGET[39m [37m/wd/hub/session/bfb91ad7-5030-4ea1-bd38-c83d2b347cec/screenshot[39m
[35m[HTTP][39m [90m{}[39m
[35m[HTTP][39m [37m<-- GET /wd/hub/session/bfb91ad7-5030-4ea1-bd38-c83d2b347cec/screenshot [39m[32m200[39m [90m798 ms - 102132[39m
[35m[HTTP][39m [90m[39m
[35m[HTTP][39m [37m-->[39m [37mPOST[39m [37m/wd/hub/session/bfb91ad7-5030-4ea1-bd38-c83d2b347cec/elements[39m
[35m[HTTP][39m [90m{"using":"xpath","value":"//*[@class = 'android.widget.TextView' and (@text = '' or . = '')]"}[39m
[35m[HTTP][39m [37m<-- POST /wd/hub/session/bfb91ad7-5030-4ea1-bd38-c83d2b347cec/elements [39m[32m200[39m [90m403 ms - 1291[39m
[35m[HTTP][39m [90m[39m
[35m[HTTP][39m [37m-->[39m [37mPOST[39m [37m/wd/hub/session/bfb91ad7-5030-4ea1-bd38-c83d2b347cec/elements[39m
[35m[HTTP][39m [90m{"using":"-android uiautomator","value":"new UiSelector().className(\"android.widget.TextView\").text(\"\")"}[39m
[35m[HTTP][39m [37m<-- POST /wd/hub/session/bfb91ad7-5030-4ea1-bd38-c83d2b347cec/elements [39m[32m200[39m [90m193 ms - 1291[39m
[35m[HTTP][39m [90m[39m
[35m[HTTP][39m [37m-->[39m [37mGET[39m [37m/wd/hub/session/bfb91ad7-5030-4ea1-bd38-c83d2b347cec/window/rect[39m
[35m[HTTP][39m [90m{}[39m
[35m[HTTP][39m [37m<-- GET /wd/hub/session/bfb91ad7-5030-4ea1-bd38-c83d2b347cec/window/rect [39m[32m200[39m [90m32 ms - 49[39m
[35m[HTTP][39m [90m[39m
[35m[HTTP][39m [37m-->[39m [37mPOST[39m [37m/wd/hub/session/bfb91ad7-5030-4ea1-bd38-c83d2b347cec/elements[39m
[35m[HTTP][39m [90m{"using":"xpath","value":"//hierarchy/android.widget.FrameLayout[1]/android.widget.LinearLayout[1]/android.widget.FrameLayout[1]/android.widget.FrameLayout[1]/android.view.ViewGroup[1]/android.view.ViewGroup[1]/android.widget.ScrollView[1]/android.view.ViewGroup[1]/android.view.ViewGroup[2]/android.view.ViewGroup[1]/android.view.ViewGroup[1]/android.widget.TextView[1]"}[39m
[35m[HTTP][39m [37m<-- POST /wd/hub/session/bfb91ad7-5030-4ea1-bd38-c83d2b347cec/elements [39m[32m200[39m [90m805 ms - 139[39m
[35m[HTTP][39m [90m[39m
[35m[HTTP][39m [37m-->[39m [37mGET[39m [37m/wd/hub/session/bfb91ad7-5030-4ea1-bd38-c83d2b347cec/element/00000000-0000-0139-ffff-ffff000001e6/location[39m
[35m[HTTP][39m [90m{}[39m
[35m[W3C (bfb91ad7)][39m Driver proxy active, passing request on via HTTP proxy
[35m[WD Proxy][39m Replacing sessionId fea2a288-1eb0-4dd4-b248-4915a15a19b8 with bfb91ad7-5030-4ea1-bd38-c83d2b347cec
[35m[HTTP][39m [37m<-- GET /wd/hub/session/bfb91ad7-5030-4ea1-bd38-c83d2b347cec/element/00000000-0000-0139-ffff-ffff000001e6/location [39m[32m200[39m [90m30 ms - 77[39m
[35m[HTTP][39m [90m[39m
[35m[HTTP][39m [37m-->[39m [37mPOST[39m [37m/wd/hub/session/bfb91ad7-5030-4ea1-bd38-c83d2b347cec/element/00000000-0000-0139-ffff-ffff000001e6/click[39m
[35m[HTTP][39m [90m{"id":"00000000-0000-0139-ffff-ffff000001e6"}[39m
[35m[HTTP][39m [37m<-- POST /wd/hub/session/bfb91ad7-5030-4ea1-bd38-c83d2b347cec/element/00000000-0000-0139-ffff-ffff000001e6/click [39m[32m200[39m [90m47 ms - 14[39m
[35m[HTTP][39m [90m[39m
[35m[HTTP][39m [37m-->[39m [37mGET[39m [37m/wd/hub/session/bfb91ad7-5030-4ea1-bd38-c83d2b347cec/source[39m
[35m[HTTP][39m [90m{}[39m
[35m[W3C (bfb91ad7)][39m Driver proxy active, passing request on via HTTP proxy
[35m[WD Proxy][39m Replacing sessionId fea2a288-1eb0-4dd4-b248-4915a15a19b8 with bfb91ad7-5030-4ea1-bd38-c83d2b347cec
[35m[HTTP][39m [37m<-- GET /wd/hub/session/bfb91ad7-5030-4ea1-bd38-c83d2b347cec/source [39m[32m200[39m [90m392 ms - 32364[39m
[35m[HTTP][39m [90m[39m
[35m[HTTP][39m [37m-->[39m [37mGET[39m [37m/wd/hub/session/bfb91ad7-5030-4ea1-bd38-c83d2b347cec/screenshot[39m
[35m[HTTP][39m [90m{}[39m
[35m[HTTP][39m [37m<-- GET /wd/hub/session/bfb91ad7-5030-4ea1-bd38-c83d2b347cec/screenshot [39m[32m200[39m [90m821 ms - 102652[39m
[35m[HTTP][39m [90m[39m
[35m[HTTP][39m [37m-->[39m [37mPOST[39m [37m/wd/hub/session/bfb91ad7-5030-4ea1-bd38-c83d2b347cec/elements[39m
[35m[HTTP][39m [90m{"using":"xpath","value":"//*[@class = 'android.widget.TextView' and (@text = 'Simpan' or . = 'Simpan')]"}[39m
[35m[HTTP][39m [37m<-- POST /wd/hub/session/bfb91ad7-5030-4ea1-bd38-c83d2b347cec/elements [39m[32m200[39m [90m430 ms - 139[39m
[35m[HTTP][39m [90m[39m
[35m[HTTP][39m [37m-->[39m [37mGET[39m [37m/wd/hub/session/bfb91ad7-5030-4ea1-bd38-c83d2b347cec/window/rect[39m
[35m[HTTP][39m [90m{}[39m
[35m[HTTP][39m [37m<-- GET /wd/hub/session/bfb91ad7-5030-4ea1-bd38-c83d2b347cec/window/rect [39m[32m200[39m [90m33 ms - 49[39m
[35m[HTTP][39m [90m[39m
[35m[HTTP][39m [37m-->[39m [37mPOST[39m [37m/wd/hub/session/bfb91ad7-5030-4ea1-bd38-c83d2b347cec/elements[39m
[35m[HTTP][39m [90m{"using":"xpath","value":"//*[@class = 'android.widget.TextView' and (@text = 'Simpan' or . = 'Simpan')]"}[39m
[35m[HTTP][39m [37m<-- POST /wd/hub/session/bfb91ad7-5030-4ea1-bd38-c83d2b347cec/elements [39m[32m200[39m [90m515 ms - 139[39m
[35m[HTTP][39m [90m[39m
[35m[HTTP][39m [37m-->[39m [37mGET[39m [37m/wd/hub/session/bfb91ad7-5030-4ea1-bd38-c83d2b347cec/element/00000000-0000-0139-ffff-ffff000001b4/location[39m
[35m[HTTP][39m [90m{}[39m
[35m[W3C (bfb91ad7)][39m Driver proxy active, passing request on via HTTP proxy
[35m[WD Proxy][39m Replacing sessionId fea2a288-1eb0-4dd4-b248-4915a15a19b8 with bfb91ad7-5030-4ea1-bd38-c83d2b347cec
[35m[HTTP][39m [37m<-- GET /wd/hub/session/bfb91ad7-5030-4ea1-bd38-c83d2b347cec/element/00000000-0000-0139-ffff-ffff000001b4/location [39m[32m200[39m [90m828 ms - 78[39m
[35m[HTTP][39m [90m[39m
[35m[HTTP][39m [37m-->[39m [37mPOST[39m [37m/wd/hub/session/bfb91ad7-5030-4ea1-bd38-c83d2b347cec/element/00000000-0000-0139-ffff-ffff000001b4/click[39m
[35m[HTTP][39m [90m{"id":"00000000-0000-0139-ffff-ffff000001b4"}[39m
[35m[HTTP][39m [37m<-- POST /wd/hub/session/bfb91ad7-5030-4ea1-bd38-c83d2b347cec/element/00000000-0000-0139-ffff-ffff000001b4/click [39m[32m200[39m [90m74 ms - 14[39m
[35m[HTTP][39m [90m[39m
[35m[HTTP][39m [37m-->[39m [37mGET[39m [37m/wd/hub/session/bfb91ad7-5030-4ea1-bd38-c83d2b347cec/source[39m
[35m[HTTP][39m [90m{}[39m
[35m[W3C (bfb91ad7)][39m Driver proxy active, passing request on via HTTP proxy
[35m[WD Proxy][39m Replacing sessionId fea2a288-1eb0-4dd4-b248-4915a15a19b8 with bfb91ad7-5030-4ea1-bd38-c83d2b347cec
[35m[HTTP][39m [37m<-- GET /wd/hub/session/bfb91ad7-5030-4ea1-bd38-c83d2b347cec/source [39m[32m200[39m [90m614 ms - 23904[39m
[35m[HTTP][39m [90m[39m
[35m[HTTP][39m [37m-->[39m [37mGET[39m [37m/wd/hub/session/bfb91ad7-5030-4ea1-bd38-c83d2b347cec/screenshot[39m
[35m[HTTP][39m [90m{}[39m
[35m[HTTP][39m [37m<-- GET /wd/hub/session/bfb91ad7-5030-4ea1-bd38-c83d2b347cec/screenshot [39m[32m200[39m [90m587 ms - 95792[39m
[35m[HTTP][39m [90m[39m
[35m[HTTP][39m [37m-->[39m [37mPOST[39m [37m/wd/hub/session/bfb91ad7-5030-4ea1-bd38-c83d2b347cec/elements[39m
[35m[HTTP][39m [90m{"using":"xpath","value":"//*[@class = 'android.widget.TextView' and (@text = 'Terapkan' or . = 'Terapkan')]"}[39m
[35m[HTTP][39m [37m<-- POST /wd/hub/session/bfb91ad7-5030-4ea1-bd38-c83d2b347cec/elements [39m[32m200[39m [90m434 ms - 139[39m
[35m[HTTP][39m [90m[39m
[35m[HTTP][39m [37m-->[39m [37mGET[39m [37m/wd/hub/session/bfb91ad7-5030-4ea1-bd38-c83d2b347cec/window/rect[39m
[35m[HTTP][39m [90m{}[39m
[35m[HTTP][39m [37m<-- GET /wd/hub/session/bfb91ad7-5030-4ea1-bd38-c83d2b347cec/window/rect [39m[32m200[39m [90m32 ms - 49[39m
[35m[HTTP][39m [90m[39m
[35m[HTTP][39m [37m-->[39m [37mPOST[39m [37m/wd/hub/session/bfb91ad7-5030-4ea1-bd38-c83d2b347cec/elements[39m
[35m[HTTP][39m [90m{"using":"xpath","value":"//*[@class = 'android.widget.TextView' and (@text = 'Terapkan' or . = 'Terapkan')]"}[39m
[35m[HTTP][39m [37m<-- POST /wd/hub/session/bfb91ad7-5030-4ea1-bd38-c83d2b347cec/elements [39m[32m200[39m [90m254 ms - 139[39m
[35m[HTTP][39m [90m[39m
[35m[HTTP][39m [37m-->[39m [37mGET[39m [37m/wd/hub/session/bfb91ad7-5030-4ea1-bd38-c83d2b347cec/element/00000000-0000-0138-ffff-ffff00000178/location[39m
[35m[HTTP][39m [90m{}[39m
[35m[W3C (bfb91ad7)][39m Driver proxy active, passing request on via HTTP proxy
[35m[WD Proxy][39m Replacing sessionId fea2a288-1eb0-4dd4-b248-4915a15a19b8 with bfb91ad7-5030-4ea1-bd38-c83d2b347cec
[35m[HTTP][39m [37m<-- GET /wd/hub/session/bfb91ad7-5030-4ea1-bd38-c83d2b347cec/element/00000000-0000-0138-ffff-ffff00000178/location [39m[32m200[39m [90m34 ms - 78[39m
[35m[HTTP][39m [90m[39m
[35m[HTTP][39m [37m-->[39m [37mPOST[39m [37m/wd/hub/session/bfb91ad7-5030-4ea1-bd38-c83d2b347cec/element/00000000-0000-0138-ffff-ffff00000178/click[39m
[35m[HTTP][39m [90m{"id":"00000000-0000-0138-ffff-ffff00000178"}[39m
[35m[HTTP][39m [37m<-- POST /wd/hub/session/bfb91ad7-5030-4ea1-bd38-c83d2b347cec/element/00000000-0000-0138-ffff-ffff00000178/click [39m[32m200[39m [90m51 ms - 14[39m
[35m[HTTP][39m [90m[39m
[35m[HTTP][39m [37m-->[39m [37mGET[39m [37m/wd/hub/session/bfb91ad7-5030-4ea1-bd38-c83d2b347cec/source[39m
[35m[HTTP][39m [90m{}[39m
[35m[W3C (bfb91ad7)][39m Driver proxy active, passing request on via HTTP proxy
[35m[WD Proxy][39m Replacing sessionId fea2a288-1eb0-4dd4-b248-4915a15a19b8 with bfb91ad7-5030-4ea1-bd38-c83d2b347cec
[35m[HTTP][39m [37m<-- GET /wd/hub/session/bfb91ad7-5030-4ea1-bd38-c83d2b347cec/source [39m[32m200[39m [90m30350 ms - 18442[39m
[35m[HTTP][39m [90m[39m
[35m[HTTP][39m [37m-->[39m [37mGET[39m [37m/wd/hub/session/bfb91ad7-5030-4ea1-bd38-c83d2b347cec/screenshot[39m
[35m[HTTP][39m [90m{}[39m
[35m[HTTP][39m [37m<-- GET /wd/hub/session/bfb91ad7-5030-4ea1-bd38-c83d2b347cec/screenshot [39m[32m200[39m [90m590 ms - 93540[39m
[35m[HTTP][39m [90m[39m
[35m[HTTP][39m [37m-->[39m [37mGET[39m [37m/wd/hub/session/bfb91ad7-5030-4ea1-bd38-c83d2b347cec/source[39m
[35m[HTTP][39m [90m{}[39m
[35m[W3C (bfb91ad7)][39m Driver proxy active, passing request on via HTTP proxy
[35m[WD Proxy][39m Replacing sessionId fea2a288-1eb0-4dd4-b248-4915a15a19b8 with bfb91ad7-5030-4ea1-bd38-c83d2b347cec
[35m[HTTP][39m [37m<-- GET /wd/hub/session/bfb91ad7-5030-4ea1-bd38-c83d2b347cec/source [39m[32m200[39m [90m24917 ms - 49340[39m
[35m[HTTP][39m [90m[39m
[35m[HTTP][39m [37m-->[39m [37mGET[39m [37m/wd/hub/session/bfb91ad7-5030-4ea1-bd38-c83d2b347cec/screenshot[39m
[35m[HTTP][39m [90m{}[39m
[35m[HTTP][39m [37m<-- GET /wd/hub/session/bfb91ad7-5030-4ea1-bd38-c83d2b347cec/screenshot [39m[32m200[39m [90m640 ms - 144144[39m
[35m[HTTP][39m [90m[39m
[35m[HTTP][39m [37m-->[39m [37mDELETE[39m [37m/wd/hub/session/bfb91ad7-5030-4ea1-bd38-c83d2b347cec[39m
[35m[HTTP][39m [90m{}[39m
[35m[Appium][39m Removing session bfb91ad7-5030-4ea1-bd38-c83d2b347cec from our master session list
[35m[HTTP][39m [37m<-- DELETE /wd/hub/session/bfb91ad7-5030-4ea1-bd38-c83d2b347cec [39m[32m200[39m [90m254 ms - 14[39m
[35m[HTTP][39m [90m[39m
